<?xml version="1.0" encoding="UTF-8"?>
<!-- Generated by org.testng.reporters.JUnitReportReporter -->
<testsuite skipped="8" hostname="Seachange-PC" name="purchase_Admin.UnitPackingsTest" tests="9" failures="0" timestamp="08 Aug 2017 09:18:16 GMT" time="13.692" errors="1">
  <testcase name="initialioseBrowser" time="13.692" classname="purchase_Admin.UnitPackingsTest">
    <error type="java.lang.NullPointerException">
      <![CDATA[java.lang.NullPointerException
	at common_Function.WriteExcel.writedata(WriteExcel.java:53)
	at common_Function.loginpage.Login(loginpage.java:62)
	at common_Function.WebDriverPass.initialioseBrowser(WebDriverPass.java:41)
	at sun.reflect.NativeMethodAccessorImpl.invoke0(Native Method)
	at sun.reflect.NativeMethodAccessorImpl.invoke(Unknown Source)
	at sun.reflect.DelegatingMethodAccessorImpl.invoke(Unknown Source)
	at java.lang.reflect.Method.invoke(Unknown Source)
	at org.testng.internal.MethodInvocationHelper.invokeMethod(MethodInvocationHelper.java:108)
	at org.testng.internal.Invoker.invokeConfigurationMethod(Invoker.java:523)
	at org.testng.internal.Invoker.invokeConfigurations(Invoker.java:224)
	at org.testng.internal.Invoker.invokeConfigurations(Invoker.java:146)
	at org.testng.SuiteRunner.privateRun(SuiteRunner.java:326)
	at org.testng.SuiteRunner.run(SuiteRunner.java:289)
	at org.testng.SuiteRunnerWorker.runSuite(SuiteRunnerWorker.java:52)
	at org.testng.SuiteRunnerWorker.run(SuiteRunnerWorker.java:86)
	at org.testng.TestNG.runSuitesSequentially(TestNG.java:1301)
	at org.testng.TestNG.runSuitesLocally(TestNG.java:1226)
	at org.testng.TestNG.runSuites(TestNG.java:1144)
	at org.testng.TestNG.run(TestNG.java:1115)
	at org.testng.remote.AbstractRemoteTestNG.run(AbstractRemoteTestNG.java:132)
	at org.testng.remote.RemoteTestNG.initAndRun(RemoteTestNG.java:230)
	at org.testng.remote.RemoteTestNG.main(RemoteTestNG.java:76)
]]>
    </error>
  </testcase> <!-- initialioseBrowser -->
  <testcase name="UnitPacking" time="0.000" classname="purchase_Admin.UnitPackingsTest">
    <skipped/>
  </testcase> <!-- UnitPacking -->
  <testcase name="ValidationforAddUnitPacking" time="0.000" classname="purchase_Admin.UnitPackingsTest">
    <skipped/>
  </testcase> <!-- ValidationforAddUnitPacking -->
  <testcase name="DuplicateAddUnitPacking" time="0.000" classname="purchase_Admin.UnitPackingsTest">
    <skipped/>
  </testcase> <!-- DuplicateAddUnitPacking -->
  <testcase name="SearchAddedUnitPacking" time="0.000" classname="purchase_Admin.UnitPackingsTest">
    <skipped/>
  </testcase> <!-- SearchAddedUnitPacking -->
  <testcase name="EditUnitPacking" time="0.000" classname="purchase_Admin.UnitPackingsTest">
    <skipped/>
  </testcase> <!-- EditUnitPacking -->
  <testcase name="SearchEditUnitPacking" time="0.000" classname="purchase_Admin.UnitPackingsTest">
    <skipped/>
  </testcase> <!-- SearchEditUnitPacking -->
  <testcase name="DeleteUnitPacking" time="0.000" classname="purchase_Admin.UnitPackingsTest">
    <skipped/>
  </testcase> <!-- DeleteUnitPacking -->
  <testcase name="SearchDeletedtUnitPacking" time="0.000" classname="purchase_Admin.UnitPackingsTest">
    <skipped/>
  </testcase> <!-- SearchDeletedtUnitPacking -->
</testsuite> <!-- purchase_Admin.UnitPackingsTest -->
