<?xml version="1.0" encoding="UTF-8"?>
<!-- Generated by org.testng.reporters.JUnitReportReporter -->
<testsuite skipped="6" hostname="Seachange-PC" name="purchase_Admin.PurchaseSettingsTest" tests="7" failures="0" timestamp="08 Aug 2017 08:33:51 GMT" time="13.861" errors="1">
  <testcase name="initialioseBrowser" time="13.861" classname="purchase_Admin.PurchaseSettingsTest">
    <error type="java.lang.NullPointerException">
      <![CDATA[java.lang.NullPointerException
	at common_Function.WriteExcel.writedata(WriteExcel.java:53)
	at common_Function.loginpage.Login(loginpage.java:62)
	at common_Function.WebDriverPass.initialioseBrowser(WebDriverPass.java:41)
	at sun.reflect.NativeMethodAccessorImpl.invoke0(Native Method)
	at sun.reflect.NativeMethodAccessorImpl.invoke(Unknown Source)
	at sun.reflect.DelegatingMethodAccessorImpl.invoke(Unknown Source)
	at java.lang.reflect.Method.invoke(Unknown Source)
	at org.testng.internal.MethodInvocationHelper.invokeMethod(MethodInvocationHelper.java:108)
	at org.testng.internal.Invoker.invokeConfigurationMethod(Invoker.java:523)
	at org.testng.internal.Invoker.invokeConfigurations(Invoker.java:224)
	at org.testng.internal.Invoker.invokeConfigurations(Invoker.java:146)
	at org.testng.SuiteRunner.privateRun(SuiteRunner.java:326)
	at org.testng.SuiteRunner.run(SuiteRunner.java:289)
	at org.testng.SuiteRunnerWorker.runSuite(SuiteRunnerWorker.java:52)
	at org.testng.SuiteRunnerWorker.run(SuiteRunnerWorker.java:86)
	at org.testng.TestNG.runSuitesSequentially(TestNG.java:1301)
	at org.testng.TestNG.runSuitesLocally(TestNG.java:1226)
	at org.testng.TestNG.runSuites(TestNG.java:1144)
	at org.testng.TestNG.run(TestNG.java:1115)
	at org.testng.remote.AbstractRemoteTestNG.run(AbstractRemoteTestNG.java:132)
	at org.testng.remote.RemoteTestNG.initAndRun(RemoteTestNG.java:230)
	at org.testng.remote.RemoteTestNG.main(RemoteTestNG.java:76)
]]>
    </error>
  </testcase> <!-- initialioseBrowser -->
  <testcase name="PurchaseConfigsettingsURL" time="0.000" classname="purchase_Admin.PurchaseSettingsTest">
    <skipped/>
  </testcase> <!-- PurchaseConfigsettingsURL -->
  <testcase name="PurchaseAutoSetting" time="0.000" classname="purchase_Admin.PurchaseSettingsTest">
    <skipped/>
  </testcase> <!-- PurchaseAutoSetting -->
  <testcase name="PurchaseConfigSetting" time="0.000" classname="purchase_Admin.PurchaseSettingsTest">
    <skipped/>
  </testcase> <!-- PurchaseConfigSetting -->
  <testcase name="PurchaseMandatory" time="0.000" classname="purchase_Admin.PurchaseSettingsTest">
    <skipped/>
  </testcase> <!-- PurchaseMandatory -->
  <testcase name="CaptureRank" time="0.000" classname="purchase_Admin.PurchaseSettingsTest">
    <skipped/>
  </testcase> <!-- CaptureRank -->
  <testcase name="AutomaticRequisition" time="0.000" classname="purchase_Admin.PurchaseSettingsTest">
    <skipped/>
  </testcase> <!-- AutomaticRequisition -->
</testsuite> <!-- purchase_Admin.PurchaseSettingsTest -->
