<?xml version="1.0" encoding="UTF-8"?>
<!-- Generated by org.testng.reporters.JUnitReportReporter -->
<testsuite hostname="Seachange-PC" name="purchase_Admin.LoginTest" tests="1" failures="0" timestamp="13 Jul 2017 10:00:21 GMT" time="5.381" errors="0">
  <testcase name="JibeLogin" time="5.381" classname="purchase_Admin.LoginTest"/>
</testsuite> <!-- purchase_Admin.LoginTest -->
