<?xml version="1.0" encoding="UTF-8"?>
<!-- Generated by org.testng.reporters.JUnitReportReporter -->
<testsuite skipped="0" hostname="Seachange-PC" name="purchase_Admin.CatalogueItemsTest" tests="127" failures="0" timestamp="20 Jul 2017 03:58:37 GMT" time="3.692" errors="0">
  <testcase name="ManageSystems" time="0.028" classname="purchase_Admin.CatalogueItemsTest"/>
  <testcase name="SearchFunction" time="0.025" classname="purchase_Admin.CatalogueItemsTest"/>
  <testcase name="RequisitionType_Store" time="0.027" classname="purchase_Admin.CatalogueItemsTest"/>
  <testcase name="ValidationForAddCatalogue" time="0.030" classname="purchase_Admin.CatalogueItemsTest"/>
  <testcase name="DuplicateAddCatalogue" time="0.028" classname="purchase_Admin.CatalogueItemsTest"/>
  <testcase name="SearchAddCatalogue" time="0.031" classname="purchase_Admin.CatalogueItemsTest"/>
  <testcase name="EditCatalogue" time="0.034" classname="purchase_Admin.CatalogueItemsTest"/>
  <testcase name="SearchEditedAddCatalogue" time="0.026" classname="purchase_Admin.CatalogueItemsTest"/>
  <testcase name="ValidationForAddSubCatalogue" time="0.025" classname="purchase_Admin.CatalogueItemsTest"/>
  <testcase name="DuplicateAddSubCatalogue" time="0.027" classname="purchase_Admin.CatalogueItemsTest"/>
  <testcase name="SearchAddSubCatalogue" time="0.028" classname="purchase_Admin.CatalogueItemsTest"/>
  <testcase name="EditSubCatalogue" time="0.026" classname="purchase_Admin.CatalogueItemsTest"/>
  <testcase name="SearchEditedAddSubCatalogue" time="0.027" classname="purchase_Admin.CatalogueItemsTest"/>
  <testcase name="ValidationForAddStoresItem" time="0.027" classname="purchase_Admin.CatalogueItemsTest"/>
  <testcase name="DuplicateAddStoresItem" time="0.033" classname="purchase_Admin.CatalogueItemsTest"/>
  <testcase name="SearchAddStoresItem" time="0.033" classname="purchase_Admin.CatalogueItemsTest"/>
  <testcase name="EditStoresItem" time="0.028" classname="purchase_Admin.CatalogueItemsTest"/>
  <testcase name="SearchEditedStoresItem" time="0.029" classname="purchase_Admin.CatalogueItemsTest"/>
  <testcase name="AppendCopyItems" time="0.022" classname="purchase_Admin.CatalogueItemsTest"/>
  <testcase name="OverwriteCopyItems" time="0.030" classname="purchase_Admin.CatalogueItemsTest"/>
  <testcase name="MoveItems" time="0.033" classname="purchase_Admin.CatalogueItemsTest"/>
  <testcase name="DeleteStoresItem" time="0.035" classname="purchase_Admin.CatalogueItemsTest"/>
  <testcase name="RestoreStoresItem" time="0.024" classname="purchase_Admin.CatalogueItemsTest"/>
  <testcase name="DeleteSubCatalogue" time="0.025" classname="purchase_Admin.CatalogueItemsTest"/>
  <testcase name="DeleteCatalogue" time="0.032" classname="purchase_Admin.CatalogueItemsTest"/>
  <testcase name="RestoreCatalogue" time="0.028" classname="purchase_Admin.CatalogueItemsTest"/>
  <testcase name="SearchRestoredCatalogue" time="0.025" classname="purchase_Admin.CatalogueItemsTest"/>
  <testcase name="RequisitionType_Office" time="0.027" classname="purchase_Admin.CatalogueItemsTest"/>
  <testcase name="SearchFunction_Office" time="0.035" classname="purchase_Admin.CatalogueItemsTest"/>
  <testcase name="ValidationForAddCatalogue_Office" time="0.034" classname="purchase_Admin.CatalogueItemsTest"/>
  <testcase name="DuplicateAddCatalogue_Office" time="0.032" classname="purchase_Admin.CatalogueItemsTest"/>
  <testcase name="SearchAddCatalogue_Office" time="0.033" classname="purchase_Admin.CatalogueItemsTest"/>
  <testcase name="EditCatalogue_Office" time="0.033" classname="purchase_Admin.CatalogueItemsTest"/>
  <testcase name="SearchEditedAddCatalogue_Office" time="0.035" classname="purchase_Admin.CatalogueItemsTest"/>
  <testcase name="ValidationForAddSubCatalogue_Office" time="0.040" classname="purchase_Admin.CatalogueItemsTest"/>
  <testcase name="DuplicateAddSubCatalogue_Office" time="0.028" classname="purchase_Admin.CatalogueItemsTest"/>
  <testcase name="SearchAddSubCatalogue_Office" time="0.031" classname="purchase_Admin.CatalogueItemsTest"/>
  <testcase name="EditSubCatalogue_Office" time="0.028" classname="purchase_Admin.CatalogueItemsTest"/>
  <testcase name="SearchEditedAddSubCatalogue_Office" time="0.031" classname="purchase_Admin.CatalogueItemsTest"/>
  <testcase name="ValidationForAddStoresItem_Office" time="0.031" classname="purchase_Admin.CatalogueItemsTest"/>
  <testcase name="DuplicateAddStoresItem_Office" time="0.030" classname="purchase_Admin.CatalogueItemsTest"/>
  <testcase name="SearchAddStoresItem_Office" time="0.024" classname="purchase_Admin.CatalogueItemsTest"/>
  <testcase name="EditStoresItem_Office" time="0.024" classname="purchase_Admin.CatalogueItemsTest"/>
  <testcase name="SearchEditedStoresItem_Office" time="0.028" classname="purchase_Admin.CatalogueItemsTest"/>
  <testcase name="DeleteStoresItem_Office" time="0.025" classname="purchase_Admin.CatalogueItemsTest"/>
  <testcase name="SearchDeletedStoresItem_Office" time="0.026" classname="purchase_Admin.CatalogueItemsTest"/>
  <testcase name="RestoreStoresItem_Office" time="0.027" classname="purchase_Admin.CatalogueItemsTest"/>
  <testcase name="SearchRestoredStoresItem_Office" time="0.027" classname="purchase_Admin.CatalogueItemsTest"/>
  <testcase name="DeleteSubCatalogue_Office" time="0.030" classname="purchase_Admin.CatalogueItemsTest"/>
  <testcase name="DeleteCatalogue_Office" time="0.029" classname="purchase_Admin.CatalogueItemsTest"/>
  <testcase name="SearchDeletedCatalogue_Office" time="0.024" classname="purchase_Admin.CatalogueItemsTest"/>
  <testcase name="RestoreCatalogue_Office" time="0.026" classname="purchase_Admin.CatalogueItemsTest"/>
  <testcase name="SearchRestoredCatalogue_Office" time="0.028" classname="purchase_Admin.CatalogueItemsTest"/>
  <testcase name="SearchFunction_Spare" time="0.032" classname="purchase_Admin.CatalogueItemsTest"/>
  <testcase name="ValidationForAddCatalogue_Spare_IsService" time="0.029" classname="purchase_Admin.CatalogueItemsTest"/>
  <testcase name="DuplicateAddCatalogue_Spare_IsService" time="0.029" classname="purchase_Admin.CatalogueItemsTest"/>
  <testcase name="SearchAddCatalogue_Spare_IsService" time="0.024" classname="purchase_Admin.CatalogueItemsTest"/>
  <testcase name="EditAddCatalogue_Spare_IsService" time="0.025" classname="purchase_Admin.CatalogueItemsTest"/>
  <testcase name="SearchEditedAddCatalogue_Spare_IsService" time="0.026" classname="purchase_Admin.CatalogueItemsTest"/>
  <testcase name="ValidationForAddSubCatalogue_Spare_IsService" time="0.031" classname="purchase_Admin.CatalogueItemsTest"/>
  <testcase name="DuplicateAddSubCatalogue_Spare_IsService" time="0.034" classname="purchase_Admin.CatalogueItemsTest"/>
  <testcase name="SearchAddSubCatalogue_Spare_IsService" time="0.025" classname="purchase_Admin.CatalogueItemsTest"/>
  <testcase name="EditAddedSubCatalogue_Spare_IsService" time="0.030" classname="purchase_Admin.CatalogueItemsTest"/>
  <testcase name="SearchEditedAddSubCatalogue_Spare_IsService" time="0.030" classname="purchase_Admin.CatalogueItemsTest"/>
  <testcase name="AddJobs_Spare_IsService" time="0.026" classname="purchase_Admin.CatalogueItemsTest"/>
  <testcase name="DuplicateJobs_Spare_IsService" time="0.027" classname="purchase_Admin.CatalogueItemsTest"/>
  <testcase name="SearchAddJobs_Spare_IsService" time="0.032" classname="purchase_Admin.CatalogueItemsTest"/>
  <testcase name="EditAddedJobs_Spare_IsService" time="0.032" classname="purchase_Admin.CatalogueItemsTest"/>
  <testcase name="SearchEditedAddJobs_Spare_IsService" time="0.042" classname="purchase_Admin.CatalogueItemsTest"/>
  <testcase name="AppendCopyJobs__Spare_IsService" time="0.029" classname="purchase_Admin.CatalogueItemsTest"/>
  <testcase name="SearchAppendCopyJobs_Spare_IsService" time="0.026" classname="purchase_Admin.CatalogueItemsTest"/>
  <testcase name="OverwriteCopyJobs_Spare_IsService" time="0.029" classname="purchase_Admin.CatalogueItemsTest"/>
  <testcase name="SearchOverwriteCopyJobs_Spare_IsService" time="0.025" classname="purchase_Admin.CatalogueItemsTest"/>
  <testcase name="MoveJobs_Spare_IsService" time="0.032" classname="purchase_Admin.CatalogueItemsTest"/>
  <testcase name="AddSpareItem_Spare_IsService" time="0.029" classname="purchase_Admin.CatalogueItemsTest"/>
  <testcase name="DuplicateAddSpareItem_Spare_IsService" time="0.033" classname="purchase_Admin.CatalogueItemsTest"/>
  <testcase name="SearchAddedSpareItem_Spare_IsService" time="0.035" classname="purchase_Admin.CatalogueItemsTest"/>
  <testcase name="EditSpareItem_Spare_IsService" time="0.027" classname="purchase_Admin.CatalogueItemsTest"/>
  <testcase name="SearchEditSpareItem_Spare_IsService" time="0.032" classname="purchase_Admin.CatalogueItemsTest"/>
  <testcase name="AppendCopyItems__Spare_IsService" time="0.028" classname="purchase_Admin.CatalogueItemsTest"/>
  <testcase name="SearchAppendCopyItems__Spare_IsService" time="0.033" classname="purchase_Admin.CatalogueItemsTest"/>
  <testcase name="OverwriteCopyItems__Spare_IsService" time="0.025" classname="purchase_Admin.CatalogueItemsTest"/>
  <testcase name="SearchOverwriteCopyItems__Spare_IsService" time="0.028" classname="purchase_Admin.CatalogueItemsTest"/>
  <testcase name="MoveItems__Spare_IsService" time="0.024" classname="purchase_Admin.CatalogueItemsTest"/>
  <testcase name="SearchMoveItems__Spare_IsService" time="0.034" classname="purchase_Admin.CatalogueItemsTest"/>
  <testcase name="DeleteStoresItem__Spare_IsService" time="0.030" classname="purchase_Admin.CatalogueItemsTest"/>
  <testcase name="RestoreStoresItem__Spare_IsService" time="0.030" classname="purchase_Admin.CatalogueItemsTest"/>
  <testcase name="DeleteSubCatalogue__Spare_IsService" time="0.031" classname="purchase_Admin.CatalogueItemsTest"/>
  <testcase name="DeleteCatalogue__Spare_IsService" time="0.031" classname="purchase_Admin.CatalogueItemsTest"/>
  <testcase name="SearchDeleteCatalogue__Spare_IsService" time="0.033" classname="purchase_Admin.CatalogueItemsTest"/>
  <testcase name="RestoreCatalogue__Spare_IsService" time="0.024" classname="purchase_Admin.CatalogueItemsTest"/>
  <testcase name="SearchRestoredCatalogue__Spare_IsService" time="0.033" classname="purchase_Admin.CatalogueItemsTest"/>
  <testcase name="SearchFunction_Spare1" time="0.026" classname="purchase_Admin.CatalogueItemsTest"/>
  <testcase name="ValidationForAddCatalogue_Spare" time="0.024" classname="purchase_Admin.CatalogueItemsTest"/>
  <testcase name="DuplicateAddCatalogue_Spare" time="0.032" classname="purchase_Admin.CatalogueItemsTest"/>
  <testcase name="SearchAddSubCatalogue_Spare" time="0.029" classname="purchase_Admin.CatalogueItemsTest"/>
  <testcase name="EditAddedSubCatalogue_Spare" time="0.030" classname="purchase_Admin.CatalogueItemsTest"/>
  <testcase name="SearchEditedAddSubCatalogue_Spare" time="0.023" classname="purchase_Admin.CatalogueItemsTest"/>
  <testcase name="AddJobs_Spare" time="0.023" classname="purchase_Admin.CatalogueItemsTest"/>
  <testcase name="DuplicateJobs_Spare" time="0.033" classname="purchase_Admin.CatalogueItemsTest"/>
  <testcase name="SearchAddJobs_Spare" time="0.027" classname="purchase_Admin.CatalogueItemsTest"/>
  <testcase name="EditAddedJobs_Spare" time="0.028" classname="purchase_Admin.CatalogueItemsTest"/>
  <testcase name="SearchEditedAddJobs_Spare" time="0.031" classname="purchase_Admin.CatalogueItemsTest"/>
  <testcase name="AppendCopyJobs__Spare" time="0.026" classname="purchase_Admin.CatalogueItemsTest"/>
  <testcase name="OverwriteCopyJobs_Spare" time="0.031" classname="purchase_Admin.CatalogueItemsTest"/>
  <testcase name="SearchOverwriteCopyJobs_Spare" time="0.032" classname="purchase_Admin.CatalogueItemsTest"/>
  <testcase name="MoveJobs_Spare" time="0.033" classname="purchase_Admin.CatalogueItemsTest"/>
  <testcase name="AddSpareItem_Spare" time="0.033" classname="purchase_Admin.CatalogueItemsTest"/>
  <testcase name="DuplicateAddSpareItem_Spare" time="0.029" classname="purchase_Admin.CatalogueItemsTest"/>
  <testcase name="SearchAddedSpareItem_Spare" time="0.031" classname="purchase_Admin.CatalogueItemsTest"/>
  <testcase name="EditSpareItem_Spare" time="0.024" classname="purchase_Admin.CatalogueItemsTest"/>
  <testcase name="SearchEditSpareItem_Spare" time="0.025" classname="purchase_Admin.CatalogueItemsTest"/>
  <testcase name="AppendCopyItems__Spare" time="0.027" classname="purchase_Admin.CatalogueItemsTest"/>
  <testcase name="SearchAppendCopyItems__Spare" time="0.032" classname="purchase_Admin.CatalogueItemsTest"/>
  <testcase name="OverwriteCopyItems__Spare" time="0.032" classname="purchase_Admin.CatalogueItemsTest"/>
  <testcase name="SearchOverwriteCopyItems__Spare" time="0.026" classname="purchase_Admin.CatalogueItemsTest"/>
  <testcase name="MoveItems__Spare" time="0.025" classname="purchase_Admin.CatalogueItemsTest"/>
  <testcase name="SearchMoveItems__Spare" time="0.026" classname="purchase_Admin.CatalogueItemsTest"/>
  <testcase name="DeleteStoresItem__Spare" time="0.031" classname="purchase_Admin.CatalogueItemsTest"/>
  <testcase name="SearchDeletedStoresItem__Spare" time="0.030" classname="purchase_Admin.CatalogueItemsTest"/>
  <testcase name="RestoreStoresItem__Spare" time="0.024" classname="purchase_Admin.CatalogueItemsTest"/>
  <testcase name="SearchRestoredStoresItem__Spare" time="0.025" classname="purchase_Admin.CatalogueItemsTest"/>
  <testcase name="DeleteSubCatalogue__Spare" time="0.028" classname="purchase_Admin.CatalogueItemsTest"/>
  <testcase name="DeleteCatalogue__Spare" time="0.026" classname="purchase_Admin.CatalogueItemsTest"/>
  <testcase name="SearchDeleteCatalogue" time="0.033" classname="purchase_Admin.CatalogueItemsTest"/>
  <testcase name="RestoreCatalogue__Spare" time="0.038" classname="purchase_Admin.CatalogueItemsTest"/>
  <testcase name="SearchRestoredCatalogue__Spare" time="0.032" classname="purchase_Admin.CatalogueItemsTest"/>
</testsuite> <!-- purchase_Admin.CatalogueItemsTest -->
